<?xml version="1.0" encoding="UTF-8"?>
<!-- Generated by org.testng.reporters.JUnitReportReporter -->
<testsuite hostname="MrBijayKumar" failures="0" tests="1" name="driverFactory.AppTest" time="80.226" errors="0" timestamp="2024-01-30T15:41:01 IST" skipped="0">
  <testcase classname="driverFactory.AppTest" name="KickStart" time="80.226">
    <system-out>
      <![CDATA[DEVIALPANDA    DEVIALPANDA
Stock-000000310    Stock-000000310
Supplier-00000001178  Supplier-00000001178
Customer-00000001207  Customer-00000001207]]>
    </system-out>
  </testcase> <!-- KickStart -->
  <system-out>
    <![CDATA[DEVIALPANDA    DEVIALPANDA
Stock-000000310    Stock-000000310
Supplier-00000001178  Supplier-00000001178
Customer-00000001207  Customer-00000001207]]>
  </system-out>
</testsuite> <!-- driverFactory.AppTest -->
