<?xml version="1.0" encoding="UTF-8"?>
<!-- Generated by org.testng.reporters.JUnitReportReporter -->
<testsuite hostname="DESKTOP-OMLAF7D" failures="0" tests="1" name="driverFactory.AppTest" time="79.567" errors="0" timestamp="2024-11-13T13:38:26 IST" skipped="0">
  <testcase classname="driverFactory.AppTest" name="KickStart" time="79.567"/>
  <system-out>
    <![CDATA[DEVIALPANDA    DEVIALPANDA
Stock-000003406    Stock-000003406
Supplier-00000007412  Supplier-00000007412
Customer-00000012845  Customer-00000012845]]>
  </system-out>
</testsuite> <!-- driverFactory.AppTest -->
